<?xml version="1.0" encoding="UTF-8"?>
<testsuite xmlns:xsi="http://www.w3.org/2001/XMLSchema-instance" xsi:noNamespaceSchemaLocation="https://maven.apache.org/surefire/maven-surefire-plugin/xsd/surefire-test-report-3.0.xsd" version="3.0" name="com.cypcode.custom_shell_cli.ApplicationTests" time="5.755" tests="1" errors="0" skipped="0" failures="0">
  <properties>
[...]
</properties>
  <testcase name="contextLoads" classname="com.cypcode.custom_shell_cli.ApplicationTests" time="1.58">
    <system-out><![CDATA[16:38:04.295 [main] INFO org.springframework.test.context.support.AnnotationConfigContextLoaderUtils -- Could not detect default configuration classes for test class [com.cypcode.custom_shell_cli.ApplicationTests]: ApplicationTests does not declare any static, non-private, non-final, nested classes annotated with @Configuration.
16:38:04.542 [main] INFO org.springframework.boot.test.context.SpringBootTestContextBootstrapper -- Found @SpringBootConfiguration com.cypcode.custom_shell_cli.Application for test class com.cypcode.custom_shell_cli.ApplicationTests
16:38:04.817 [main] INFO org.springframework.boot.devtools.restart.RestartApplicationListener -- Restart disabled due to context in which it is running

  .   ____          _            __ _ _
 /\\ / ___'_ __ _ _(_)_ __  __ _ \ \ \ \
( ( )\___ | '_ | '_| | '_ \/ _` | \ \ \ \
 \\/  ___)| |_)| | | | | || (_| |  ) ) ) )
  '  |____| .__|_| |_|_| |_\__, | / / / /
 =========|_|==============|___/=/_/_/_/

 :: Spring Boot ::                (v3.3.1)

2024-07-15T16:38:05.199+02:00  INFO 42405 --- [custom-shell-cli] [           main] c.c.custom_shell_cli.ApplicationTests    : Starting ApplicationTests using Java 17.0.11 with PID 42405 (started by nkululekog in /Users/nkululekog/Documents/Projects/Cypcode/Cypcode Studios/custom-shell-cli)
2024-07-15T16:38:05.203+02:00  INFO 42405 --- [custom-shell-cli] [           main] c.c.custom_shell_cli.ApplicationTests    : No active profile set, falling back to 1 default profile: "default"
2024-07-15T16:38:07.687+02:00  WARN 42405 --- [custom-shell-cli] [           main] org.jline                                : Unable to create a system terminal, creating a dumb terminal (enable debug logging for more information)
2024-07-15T16:38:08.179+02:00  INFO 42405 --- [custom-shell-cli] [           main] c.c.custom_shell_cli.ApplicationTests    : Started ApplicationTests in 3.382 seconds (process running for 5.308)
]]></system-out>
  </testcase>
</testsuite>